app/build/outputs/mapping/release/seeds.txt
com.virajgiri.trackmysadhana.data.dao.SadhanaDao_Impl$29
com.virajgiri.trackmysadhana.data.dao.SadhanaDao
com.virajgiri.trackmysadhana.ui.dailyentry.DailyEntryActivity
com.virajgiri.trackmysadhana.data.dao.SadhanaDao_Impl$14
com.virajgiri.trackmysadhana.data.dao.SadhanaDao_Impl$11
com.virajgiri.trackmysadhana.data.database.SadhanaDatabase$Companion
com.virajgiri.trackmysadhana.data.dao.DailyTotal
com.virajgiri.trackmysadhana.databinding.ItemHistoryEntryBinding
com.virajgiri.trackmysadhana.ui.dailyentry.DailyEntryViewModel
com.virajgiri.trackmysadhana.databinding.ItemJapEntryBinding
com.virajgiri.trackmysadhana.data.entity.SubMantra
com.virajgiri.trackmysadhana.data.dao.SadhanaDao_Impl$13
com.virajgiri.trackmysadhana.ui.dashboard.DashboardViewModel
com.virajgiri.trackmysadhana.data.dao.SadhanaDao_Impl$4
com.virajgiri.trackmysadhana.ui.addsadhana.AddSadhanaActivity
com.virajgiri.trackmysadhana.data.dao.SadhanaDao_Impl$8
com.virajgiri.trackmysadhana.data.dao.SadhanaDao_Impl$23
com.virajgiri.trackmysadhana.databinding.ItemSadhanaCardBinding
com.virajgiri.trackmysadhana.data.repository.SadhanaRepository
com.virajgiri.trackmysadhana.databinding.FragmentDashboardBinding
com.virajgiri.trackmysadhana.data.entity.MukhyaSadhana
com.virajgiri.trackmysadhana.data.dao.SadhanaDao_Impl$20
com.virajgiri.trackmysadhana.ui.reports.ReportsViewModel
com.virajgiri.trackmysadhana.data.database.SadhanaDatabase_Impl$1
com.virajgiri.trackmysadhana.data.dao.SadhanaDao_Impl$3
com.virajgiri.trackmysadhana.data.dao.SadhanaDao_Impl$24
com.virajgiri.trackmysadhana.databinding.ActivityMainBinding
com.virajgiri.trackmysadhana.data.database.SadhanaDatabase$Companion$MIGRATION_3_4$1
com.virajgiri.trackmysadhana.data.dao.SadhanaDao_Impl$17
com.virajgiri.trackmysadhana.data.dao.SadhanaDao_Impl
com.virajgiri.trackmysadhana.data.database.SadhanaDatabase$Companion$MIGRATION_1_2$1
com.virajgiri.trackmysadhana.databinding.ItemHistoryDateBinding
com.virajgiri.trackmysadhana.data.dao.SadhanaDao_Impl$18
com.virajgiri.trackmysadhana.data.database.SadhanaDatabase_Impl
com.virajgiri.trackmysadhana.data.dao.SadhanaDao_Impl$26
com.virajgiri.trackmysadhana.data.dao.SadhanaDao_Impl$10
com.virajgiri.trackmysadhana.data.dao.SadhanaDao_Impl$27
com.virajgiri.trackmysadhana.databinding.ItemMantraInputBinding
com.virajgiri.trackmysadhana.data.dao.SadhanaDao_Impl$1
com.virajgiri.trackmysadhana.data.entity.JapEntry
com.virajgiri.trackmysadhana.data.dao.SadhanaDao_Impl$28
com.virajgiri.trackmysadhana.data.dao.SadhanaDao_Impl$25
com.virajgiri.trackmysadhana.data.dao.SadhanaDao_Impl$15
com.virajgiri.trackmysadhana.data.dao.SadhanaDao_Impl$19
com.virajgiri.trackmysadhana.databinding.FragmentReportsBinding
com.virajgiri.trackmysadhana.ui.addsadhana.AddSadhanaViewModel
com.virajgiri.trackmysadhana.data.dao.SadhanaDao_Impl$22
com.virajgiri.trackmysadhana.data.dao.SadhanaDao_Impl$12
com.virajgiri.trackmysadhana.data.dao.SadhanaDao_Impl$5
com.virajgiri.trackmysadhana.databinding.ActivityDailyEntryBinding
com.virajgiri.trackmysadhana.data.dao.SadhanaDao_Impl$7
com.virajgiri.trackmysadhana.data.dao.SadhanaDao_Impl$16
com.virajgiri.trackmysadhana.data.dao.SadhanaDao_Impl$9
com.virajgiri.trackmysadhana.ui.reports.ReportsFragment
com.virajgiri.trackmysadhana.MainActivity
com.virajgiri.trackmysadhana.data.database.SadhanaDatabase
com.virajgiri.trackmysadhana.data.dao.SadhanaDao_Impl$21
com.virajgiri.trackmysadhana.databinding.FragmentHistoryBinding
com.virajgiri.trackmysadhana.data.dao.SadhanaDao_Impl$2
com.virajgiri.trackmysadhana.databinding.ItemSubMantraCounterBinding
com.virajgiri.trackmysadhana.data.dao.SadhanaDao_Impl$30
com.virajgiri.trackmysadhana.ui.dashboard.DashboardFragment
com.virajgiri.trackmysadhana.data.dao.SadhanaDao_Impl$6
com.virajgiri.trackmysadhana.ui.history.HistoryFragment
com.virajgiri.trackmysadhana.databinding.ActivityAddSadhanaBinding
com.virajgiri.trackmysadhana.data.database.SadhanaDatabase$Companion$MIGRATION_2_3$1
...
kotlin.text.CharDirectionality: kotlin.text.CharDirectionality BOUNDARY_NEUTRAL
androidx.appcompat.R$attr: int srcCompat
androidx.constraintlayout.core.dsl.VChain$VAnchor: androidx.constraintlayout.core.dsl.VChain this$0
androidx.dynamicanimation.R$drawable: int notification_bg_low
androidx.emoji2.text.flatbuffer.FlexBuffers: int FBT_VECTOR_INT3
androidx.constraintlayout.core.widgets.Optimizer: int OPTIMIZATION_STANDARD
androidx.constraintlayout.widget.R$styleable: int ConstraintSet_motionProgress
androidx.vectordrawable.R$styleable: int GradientColor_android_endX
androidx.appcompat.R$styleable: int AlertDialog_multiChoiceItemLayout
androidx.constraintlayout.core.widgets.ConstraintWidgetContainer: java.util.HashSet mWidgetsToAdd
androidx.constraintlayout.core.motion.MotionPaths: double[] mTempDelta
androidx.constraintlayout.core.widgets.analyzer.DimensionDependency: int wrapValue
androidx.core.text.TextDirectionHeuristicsCompat: androidx.core.text.TextDirectionHeuristicCompat ANYRTL_LTR
androidx.coordinatorlayout.R$id: int accessibility_custom_action_11
androidx.constraintlayout.widget.R$styleable: int Constraint_android_scaleX
androidx.constraintlayout.widget.R$attr: int transitionEasing
androidx.constraintlayout.core.motion.key.MotionKeyTrigger: int TYPE_TRIGGER_COLLISION_VIEW
kotlin.text.Typography: char doublePrime
androidx.vectordrawable.graphics.drawable.AndroidResources: int STYLEABLE_VECTOR_DRAWABLE_CLIP_PATH_PATH_DATA
com.github.mikephil.charting.components.YAxis: float mMinWidth
androidx.lifecycle.MediatorLiveData: androidx.arch.core.internal.SafeIterableMap mSources
androidx.appcompat.view.menu.MenuItemImpl: int mGroup
androidx.lifecycle.LiveData$AlwaysActiveObserver: androidx.lifecycle.LiveData this$0
androidx.constraintlayout.core.Metrics: long minimizeGoal
androidx.constraintlayout.widget.R$styleable: int Constraint_layout_goneMarginLeft
androidx.constraintlayout.widget.ConstraintSet$WriteXmlEngine: java.lang.String mLEFT
androidx.recyclerview.widget.StaggeredGridLayoutManager: int GAP_HANDLING_MOVE_ITEMS_BETWEEN_SPANS
androidx.constraintlayout.widget.R$attr: int guidelineUseRtl
androidx.constraintlayout.core.motion.utils.ArcCurveFit: int ARC_ABOVE
androidx.core.content.IntentSanitizer: androidx.core.util.Predicate mAllowedCategories
androidx.core.app.NotificationCompat$Action: java.lang.CharSequence title
androidx.constraintlayout.motion.widget.ViewTransition: int mIfTagNotSet
androidx.customview.R$attr: int fontProviderAuthority
androidx.room.InvalidationTracker: java.lang.Object syncTriggersLock
androidx.core.view.inputmethod.InputConnectionCompat: java.lang.String COMMIT_CONTENT_CONTENT_URI_INTEROP_KEY
androidx.coordinatorlayout.widget.CoordinatorLayout$LayoutParams: android.view.View mAnchorView
androidx.room.FtsOptions$Order: androidx.room.FtsOptions$Order DESC
androidx.lifecycle.CoroutineLiveData$emitSource$1: androidx.lifecycle.CoroutineLiveData this$0
androidx.constraintlayout.core.dsl.KeyAttribute: float mRotation
com.google.android.material.button.MaterialButton$SavedState: android.os.Parcelable$Creator CREATOR
androidx.appcompat.widget.ListPopupWindow$ListSelectorHider: androidx.appcompat.widget.ListPopupWindow this$0
androidx.recyclerview.widget.DefaultItemAnimator$4: androidx.recyclerview.widget.DefaultItemAnimator this$0
kotlin.time.DurationKt: long MAX_NANOS_IN_MILLIS
androidx.vectordrawable.animated.R$styleable: int[] GradientColor
androidx.constraintlayout.helper.widget.Grid: java.lang.String mStrSkips
androidx.appcompat.widget.AppCompatTextViewAutoSizeHelper: android.graphics.RectF TEMP_RECTF
androidx.core.util.PatternsCompat: java.util.regex.Pattern AUTOLINK_WEB_URL
androidx.constraintlayout.core.Metrics: long grouping
androidx.lifecycle.SavedStateHandleController: boolean isAttached
androidx.constraintlayout.core.dsl.Constraint$VSide: androidx.constraintlayout.core.dsl.Constraint$VSide BOTTOM
androidx.core.os.HandlerCompat: java.lang.String TAG