app/build/outputs/mapping/release/mapping.txt
# compiler: R8
# compiler_version: 8.7.18
# min_api: 24
# common_typos_disable
# {"id":"com.android.tools.r8.mapping","version":"2.2"}
# pg_map_id: eb11f28
# pg_map_hash: SHA-256 eb11f28b3570ba7308aaa3581c5de10856d2211c994a6599d790954c843f8d58
com.virajgiri.trackmysadhana.MainActivity -> com.virajgiri.trackmysadhana.MainActivity:
# {"id":"sourceFile","fileName":"MainActivity.kt"}
    com.virajgiri.trackmysadhana.databinding.ActivityMainBinding binding -> a
    int $r8$clinit -> b
      # {"id":"com.android.tools.r8.synthesized"}
    1:4:void <init>():15:15 -> <init>
    1:11:void loadFragment(androidx.fragment.app.Fragment,int):48:48 -> k
    12:15:void loadFragment(androidx.fragment.app.Fragment,int):49:49 -> k
    16:18:void loadFragment(androidx.fragment.app.Fragment,int):50:50 -> k
    19:43:void loadFragment(androidx.fragment.app.Fragment,int):51:51 -> k
    1:5:void onCreate(android.os.Bundle):21:21 -> onCreate
    6:8:void onCreate(android.os.Bundle):22:22 -> onCreate
    9:19:void onCreate(android.os.Bundle):23:23 -> onCreate
    20:27:void onCreate(android.os.Bundle):24:24 -> onCreate
    28:29:androidx.constraintlayout.widget.ConstraintLayout com.virajgiri.trackmysadhana.databinding.ActivityMainBinding.getRoot():61:61 -> onCreate
    28:29:void onCreate(android.os.Bundle):24 -> onCreate
      # {"id":"com.android.tools.r8.rewriteFrame","conditions":["throws(Ljava/lang/NullPointerException;)"],"actions":["removeInnerFrames(1)"]}
    30:32:void onCreate(android.os.Bundle):24:24 -> onCreate
    33:45:void onCreate(android.os.Bundle):26:26 -> onCreate
    46:57:void onCreate(android.os.Bundle):27:27 -> onCreate
    58:68:void onCreate(android.os.Bundle):30:30 -> onCreate
com.virajgiri.trackmysadhana.data.dao.DailyTotal -> com.virajgiri.trackmysadhana.data.dao.DailyTotal:
# {"id":"sourceFile","fileName":"DailyTotal.kt"}
    6:13:void <init>(java.lang.String,int):3:3 -> <init>
    1:3:java.lang.String getDate():3:3 -> getDate
    1:3:int getTotal():3:3 -> getTotal
com.virajgiri.trackmysadhana.data.dao.SadhanaDao -> com.virajgiri.trackmysadhana.data.dao.SadhanaDao:
# {"id":"sourceFile","fileName":"SadhanaDao.kt"}
com.virajgiri.trackmysadhana.data.dao.SadhanaDao_Impl -> com.virajgiri.trackmysadhana.data.dao.SadhanaDao_Impl:
# {"id":"sourceFile","fileName":"SadhanaDao_Impl.java"}
    1:3:void <init>(androidx.room.RoomDatabase):57:57 -> <init>
    4:5:void <init>(androidx.room.RoomDatabase):58:58 -> <init>
    6:12:void <init>(androidx.room.RoomDatabase):59:59 -> <init>
    13:19:void <init>(androidx.room.RoomDatabase):78:78 -> <init>
    20:26:void <init>(androidx.room.RoomDatabase):95:95 -> <init>
    27:33:void <init>(androidx.room.RoomDatabase):117:117 -> <init>
    34:40:void <init>(androidx.room.RoomDatabase):130:130 -> <init>
    41:47:void <init>(androidx.room.RoomDatabase):143:143 -> <init>
    48:54:void <init>(androidx.room.RoomDatabase):163:163 -> <init>
    55:62:void <init>(androidx.room.RoomDatabase):186:186 -> <init>
    1:1:androidx.room.RoomDatabase -$$Nest$fget__db(com.virajgiri.trackmysadhana.data.dao.SadhanaDao_Impl):0:0 -> a
      # {"id":"com.android.tools.r8.synthesized"}
    1:1:androidx.room.EntityDeletionOrUpdateAdapter -$$Nest$fget__deletionAdapterOfJapEntry(com.virajgiri.trackmysadhana.data.dao.SadhanaDao_Impl):0:0 -> b
      # {"id":"com.android.tools.r8.synthesized"}
    1:1:androidx.room.EntityDeletionOrUpdateAdapter -$$Nest$fget__deletionAdapterOfMukhyaSadhana(com.virajgiri.trackmysadhana.data.dao.SadhanaDao_Impl):0:0 -> c
      # {"id":"com.android.tools.r8.synthesized"}
com.virajgiri.trackmysadhana.data.dao.SadhanaDao_Impl$1 -> com.virajgiri.trackmysadhana.data.dao.SadhanaDao_Impl$1:
# {"id":"sourceFile","fileName":"SadhanaDao_Impl.java"}
    1:6:void <init>(com.virajgiri.trackmysadhana.data.dao.SadhanaDao_Impl,androidx.room.RoomDatabase):59:59 -> <init>
    1:1:void bind(androidx.sqlite.db.SupportSQLiteStatement,java.lang.Object):59:59 -> bind
    2:8:void bind(androidx.sqlite.db.SupportSQLiteStatement,com.virajgiri.trackmysadhana.data.entity.MukhyaSadhana):69:75 -> bind
    1:3:java.lang.String createQuery():63:63 -> createQuery
...
androidx.appcompat.widget.SearchView$9 -> androidx.appcompat.widget.SearchView$9:
# {"id":"sourceFile","fileName":"SearchView.java"}
    1:6:void <init>(androidx.appcompat.widget.SearchView):1435:1435 -> <init>
    1:6:void onItemSelected(android.widget.AdapterView,android.view.View,int,long):1443:1443 -> onItemSelected
androidx.appcompat.widget.SearchView$Api29Impl -> androidx.appcompat.widget.SearchView$Api29Impl:
# {"id":"sourceFile","fileName":"SearchView.java"}
    1:4:void <init>():2124:2124 -> <init>
    1:4:void refreshAutoCompleteResults(android.widget.AutoCompleteTextView):2135:2135 -> refreshAutoCompleteResults
    1:4:void setInputMethodMode(androidx.appcompat.widget.SearchView$SearchAutoComplete,int):2130:2130 -> setInputMethodMode
androidx.appcompat.widget.SearchView$InspectionCompanion -> androidx.appcompat.widget.SearchView$InspectionCompanion:
# {"id":"sourceFile","fileName":"SearchView$InspectionCompanion.java"}
    1:4:void <init>():19:19 -> <init>
    5:7:void <init>():20:20 -> <init>
    1:6:void mapProperties(android.view.inspector.PropertyMapper):32:32 -> mapProperties
    7:12:void mapProperties(android.view.inspector.PropertyMapper):33:33 -> mapProperties
    13:20:void mapProperties(android.view.inspector.PropertyMapper):34:34 -> mapProperties
    21:29:void mapProperties(android.view.inspector.PropertyMapper):35:35 -> mapProperties
    30:32:void mapProperties(android.view.inspector.PropertyMapper):36:36 -> mapProperties
    1:1:void readProperties(java.lang.Object,android.view.inspector.PropertyReader):17:17 -> readProperties
    2:2:void readProperties(androidx.appcompat.widget.SearchView,android.view.inspector.PropertyReader):42:42 -> readProperties
    3:6:void readProperties(androidx.appcompat.widget.SearchView,android.view.inspector.PropertyReader):45:48 -> readProperties
    7:7:void readProperties(androidx.appcompat.widget.SearchView,android.view.inspector.PropertyReader):43:43 -> readProperties
androidx.appcompat.widget.SearchView$OnCloseListener -> androidx.appcompat.widget.SearchView$OnCloseListener:
# {"id":"sourceFile","fileName":"SearchView.java"}
androidx.appcompat.widget.SearchView$OnQueryTextListener -> androidx.appcompat.widget.SearchView$OnQueryTextListener:
# {"id":"sourceFile","fileName":"SearchView.java"}
androidx.appcompat.widget.SearchView$OnSuggestionListener -> androidx.appcompat.widget.SearchView$OnSuggestionListener:
# {"id":"sourceFile","fileName":"SearchView.java"}
androidx.appcompat.widget.SearchView$PreQAutoCompleteTextViewReflector -> androidx.appcompat.widget.SearchView$PreQAutoCompleteTextViewReflector:
# {"id":"sourceFile","fileName":"SearchView.java"}
    1:6:void <init>():2059:2059 -> <init>
    7:8:void <init>():2052:2052 -> <init>
    9:10:void <init>():2053:2053 -> <init>
    11:12:void <init>():2054:2054 -> <init>
    13:16:void <init>():2060:2060 -> <init>
    17:18:void <init>():2062:2062 -> <init>
    19:24:void <init>():2063:2063 -> <init>
    25:27:void <init>():2064:2064 -> <init>
    28:29:void <init>():2069:2069 -> <init>
    30:35:void <init>():2070:2070 -> <init>
    36:38:void <init>():2071:2071 -> <init>
    39:46:void <init>():2076:2076 -> <init>
    47:52:void <init>():2077:2077 -> <init>
    53:56:void <init>():2078:2078 -> <init>
    1:3:void doAfterTextChanged(android.widget.AutoCompleteTextView):2095:2095 -> doAfterTextChanged
    4:8:void doAfterTextChanged(android.widget.AutoCompleteTextView):2096:2096 -> doAfterTextChanged
    9:12:void doAfterTextChanged(android.widget.AutoCompleteTextView):2098:2098 -> doAfterTextChanged
    1:3:void doBeforeTextChanged(android.widget.AutoCompleteTextView):2085:2085 -> doBeforeTextChanged
    4:8:void doBeforeTextChanged(android.widget.AutoCompleteTextView):2086:2086 -> doBeforeTextChanged
    9:12:void doBeforeTextChanged(android.widget.AutoCompleteTextView):2088:2088 -> doBeforeTextChanged