app/build/outputs/mapping/release/usage.txt
com.virajgiri.trackmysadhana.BuildConfig
com.virajgiri.trackmysadhana.R$color
com.virajgiri.trackmysadhana.R$drawable
com.virajgiri.trackmysadhana.R$id:
    public static int action_calendar
    private void <init>()
com.virajgiri.trackmysadhana.R$layout:
    private void <init>()
com.virajgiri.trackmysadhana.R$menu:
    public static int bottom_nav_menu
    public static int dashboard_menu
    private void <init>()
com.virajgiri.trackmysadhana.R$mipmap
com.virajgiri.trackmysadhana.R$string:
    public static int add_mantra
    public static int add_new_sadhana
    public static int app_description
    public static int app_name
    public static int calendar
    public static int daily_entry_placeholder
    public static int dashboard_title
    public static int error_invalid_number
    public static int hello_sadhana
    public static int hint_daily_mala
    public static int hint_end_date
    public static int hint_experience_note
    public static int hint_mala_count
    public static int hint_mantra_text
    public static int hint_sadhana_name
    public static int hint_total_mala
    public static int label_avg_mala_day
    public static int label_completion_estimate
    public static int label_current_streak
    public static int label_daily_progress_chart
    public static int label_days
    public static int label_days_maintained
    public static int label_days_suffix
    public static int label_edit
    public static int label_end_date_auto
    public static int label_entry_date
    public static int label_filter_by_sadhana
    public static int label_longest_streak
    public static int label_mala
    public static int label_mala_suffix
    public static int label_mantras
    public static int label_missed_days
    public static int label_no_data
    public static int label_no_entries
    public static int label_no_history
    public static int label_past_entries
    public static int label_sub_mantra_badge
com.virajgiri.trackmysadhana.R$style
com.virajgiri.trackmysadhana.R$xml
com.virajgiri.trackmysadhana.R
com.virajgiri.trackmysadhana.ui.addsadhana.AddSadhanaActivity:
    public static final java.lang.String EXTRA_SADHANA_ID
com.virajgiri.trackmysadhana.ui.addsadhana.MantraInput:
    public void <init>()
    public final java.lang.String component1()
    public final java.lang.String component2()
    public final int component3()
    public final com.virajgiri.trackmysadhana.ui.addsadhana.MantraInput copy(java.lang.String,java.lang.String,int)
    public static synthetic com.virajgiri.trackmysadhana.ui.addsadhana.MantraInput copy$default(com.virajgiri.trackmysadhana.ui.addsadhana.MantraInput,java.lang.String,java.lang.String,int,int,java.lang.Object)
com.virajgiri.trackmysadhana.ui.addsadhana.MantraInputAdapterKt
com.virajgiri.trackmysadhana.ui.dailyentry.DailyEntryActivity:
    public static final java.lang.String EXTRA_SADHANA_ID
    public static final java.lang.String EXTRA_SADHANA_NAME
com.virajgiri.trackmysadhana.ui.dashboard.SadhanaWithProgress:
    public final com.virajgiri.trackmysadhana.data.entity.MukhyaSadhana component1()
    public final int component2()
    public final int component3()
    public final int component4()
    public final com.virajgiri.trackmysadhana.ui.dashboard.SadhanaWithProgress copy(com.virajgiri.trackmysadhana.data.entity.MukhyaSadhana,int,int,int)
    public static synthetic com.virajgiri.trackmysadhana.ui.dashboard.SadhanaWithProgress copy$default(com.virajgiri.trackmysadhana.ui.dashboard.SadhanaWithProgress,com.virajgiri.trackmysadhana.data.entity.MukhyaSadhana,int,int,int,int,java.lang.Object)
com.virajgiri.trackmysadhana.ui.history.HistoryAdapter:
    private static final int TYPE_ENTRY
    private static final int TYPE_HEADER
com.virajgiri.trackmysadhana.ui.history.HistoryFragment:
    private static final long ALL_SADHANAS
...
kotlin.ranges.URangesKt___URangesKt$$InternalSyntheticBackport$1$4fa9fbb542702e797360d2d6f7f93ce3803568d7ef966dee3e3671145e9f2085$1
kotlin.ranges.URangesKt___URangesKt$$InternalSyntheticBackport$1$5001a340332a2467c05b539eacc446986c67db7ae316ffc5ab35ecd012291fe1$0
kotlin.ranges.URangesKt___URangesKt$$InternalSyntheticBackport$1$5001a340332a2467c05b539eacc446986c67db7ae316ffc5ab35ecd012291fe1$1
kotlin.ranges.URangesKt___URangesKt$$InternalSyntheticBackport$1$5001a340332a2467c05b539eacc446986c67db7ae316ffc5ab35ecd012291fe1$2
kotlin.ranges.URangesKt___URangesKt$$InternalSyntheticBackport$1$927d8a19ca6608f7f8fea2024ca450347b1cee34db6e8b6fac95333d9214acf2$0
kotlin.ranges.URangesKt___URangesKt$$InternalSyntheticBackport$1$95f665a6bcdebe22b6fb0b073d07c562b406890284dcb0c7ec7e72a0495731b7$0
kotlin.ranges.URangesKt___URangesKt$$InternalSyntheticBackport$1$9783d4d144a119238367ab09b6acaccea2d5c11f40b331fede346c92ba502690$0
kotlin.ranges.URangesKt___URangesKt$$InternalSyntheticBackport$1$f15ac809491d0a7cdd0e0925d10c84d5ea8172b631027484f84ee05845dc30f6$0
kotlin.ranges.URangesKt___URangesKt$$InternalSyntheticBackport$1$f7c65d6fb757f48988f30b3b97e14eb976e4917408f55271925745f34ccabed6$0
kotlin.ranges.URangesKt___URangesKt$$InternalSyntheticBackport$1$f7c65d6fb757f48988f30b3b97e14eb976e4917408f55271925745f34ccabed6$1
kotlin.text.StringsKt:
    public static synthetic bridge int lastIndexOf$default$1(java.lang.String)
    public static synthetic bridge java.lang.String substringBefore$default(java.lang.String)
    public static synthetic bridge java.lang.String substringBefore$default$1(java.lang.String)
kotlin.text.UStringsKt$$InternalSyntheticBackport$1$1485bfb0f3a187bb66187dec6cf14a4ec1ddf5871e422198ed1d45122e257b6b$0
kotlin.text.UStringsKt$$InternalSyntheticBackport$1$1485bfb0f3a187bb66187dec6cf14a4ec1ddf5871e422198ed1d45122e257b6b$1
kotlin.text.UStringsKt$$InternalSyntheticBackport$1$1485bfb0f3a187bb66187dec6cf14a4ec1ddf5871e422198ed1d45122e257b6b$2
kotlin.text.UStringsKt$$InternalSyntheticBackport$1$1485bfb0f3a187bb66187dec6cf14a4ec1ddf5871e422198ed1d45122e257b6b$3
kotlin.text.UStringsKt$$InternalSyntheticBackport$1$294fc22e7f425c38c9918c9ac11d9fbb8c7f91e4a589745086a17520b8f6075c$0
kotlin.text.UStringsKt$$InternalSyntheticBackport$1$6960de3caede2edffb3bbb736824ba2be82a296e3844dd441c5e204c167e45f1$0
kotlin.text.UStringsKt$$InternalSyntheticBackport$1$6960de3caede2edffb3bbb736824ba2be82a296e3844dd441c5e204c167e45f1$1
kotlin.text.UStringsKt$$InternalSyntheticBackport$1$6960de3caede2edffb3bbb736824ba2be82a296e3844dd441c5e204c167e45f1$2
kotlin.text.UStringsKt$$InternalSyntheticBackport$1$6960de3caede2edffb3bbb736824ba2be82a296e3844dd441c5e204c167e45f1$3
kotlin.text.UStringsKt$$InternalSyntheticBackport$1$a0dc42adf649f692572fcd202b9536e026662db770dba6ad377318127037e4bc$0
kotlin.uuid.Uuid$$InternalSyntheticBackport$1$f7bbc692f5b9ed6697c3adfabd1e8cce2eeb20bba8ed52c8ba2a8144d4a49869$0
kotlin.uuid.Uuid$$InternalSyntheticBackport$1$f7bbc692f5b9ed6697c3adfabd1e8cce2eeb20bba8ed52c8ba2a8144d4a49869$1
kotlinx.coroutines.AbstractTimeSource
kotlinx.coroutines.AbstractTimeSourceKt
kotlinx.coroutines.BlockingCoroutine:
    public static java.lang.Object joinBlocking()
kotlinx.coroutines.BuildersKt__BuildersKt
kotlinx.coroutines.BuildersKt__Builders_commonKt
kotlinx.coroutines.CancellableContinuation:
    public abstract void invokeOnCancellation(kotlin.jvm.functions.Function1)
    public abstract void resumeUndispatched(kotlinx.coroutines.CoroutineDispatcher,kotlin.Unit)
kotlinx.coroutines.CancellableContinuationImpl$$InternalSyntheticBackportWithForwarding$1$30629c145662843d63fa7717b052d9e23a70e473ab8f20fb66b9dd72bd11a0fb$0
kotlinx.coroutines.CancellableContinuationImpl$$InternalSyntheticBackportWithForwarding$1$9b92b081af66efb4b011843ac82a28f763c21ea79497e8d36564eb232db90143$0
kotlinx.coroutines.CancellableContinuationImpl$$InternalSyntheticBackportWithForwarding$1$b03a7734e47ab751f74275865fe476474ebba99080edf40bd5e2f9149008e0d1$0